WARNING:root:this is debug
ERROR:root:this is debug
CRITICAL:root:this is debug
WARNING:root:this is warning
ERROR:root:this is error
CRITICAL:root:this is critical
WARNING:root:this is warning
ERROR:root:this is error
CRITICAL:root:this is critical
WARNING:root:this is warning
ERROR:root:this is error
CRITICAL:root:this is critical
WARNING:root:this is warning
ERROR:root:this is error
CRITICAL:root:this is critical
WARNING:root:this is warning
ERROR:root:this is error
CRITICAL:root:this is critical
WARNING:root:this is warning
ERROR:root:this is error
CRITICAL:root:this is critical
WARNING:chandan:this is warning
ERROR:chandan:this is error
CRITICAL:root:this is critical
